#
# There is insufficient memory for the Java Runtime Environment to continue.
# Native memory allocation (mmap) failed to map 134217728 bytes for G1 virtual space
# Possible reasons:
#   The system is out of physical RAM or swap space
#   The process is running with CompressedOops enabled, and the Java Heap may be blocking the growth of the native heap
# Possible solutions:
#   Reduce memory load on the system
#   Increase physical memory or swap space
#   Check if swap backing store is full
#   Decrease Java heap size (-Xmx/-Xms)
#   Decrease number of Java threads
#   Decrease Java thread stack sizes (-Xss)
#   Set larger code cache with -XX:ReservedCodeCacheSize=
#   JVM is running with Unscaled Compressed Oops mode in which the Java heap is
#     placed in the first 4GB address space. The Java Heap base address is the
#     maximum limit for the native heap growth. Please use -XX:HeapBaseMinAddress
#     to set the Java Heap base and to place the Java Heap above 4GB virtual address.
# This output file may be truncated or incomplete.
#
#  Out of Memory Error (os_windows.cpp:3613), pid=36168, tid=36880
#
# JRE version:  (17.0.10+7) (build )
# Java VM: OpenJDK 64-Bit Server VM (17.0.10+7, mixed mode, sharing, tiered, compressed oops, compressed class ptrs, g1 gc, windows-amd64)
# No core dump will be written. Minidumps are not enabled by default on client versions of Windows
#

---------------  S U M M A R Y ------------

Command Line: -XX:+ShowCodeDetailsInExceptionMessages snake2.Snake2

Host: Intel(R) Core(TM) i5-4570 CPU @ 3.20GHz, 4 cores, 7G,  Windows 10 , 64 bit Build 19041 (10.0.19041.3636)
Time: Sun Jul  7 06:43:32 2024 Hora estándar de Venezuela elapsed time: 0.013326 seconds (0d 0h 0m 0s)

---------------  T H R E A D  ---------------

Current thread (0x000001b4e128d570):  JavaThread "Unknown thread" [_thread_in_vm, id=36880, stack(0x0000006f6bc00000,0x0000006f6bd00000)]

Stack: [0x0000006f6bc00000,0x0000006f6bd00000]
Native frames: (J=compiled Java code, j=interpreted, Vv=VM code, C=native code)
V  [jvm.dll+0x67d2c9]
V  [jvm.dll+0x834afa]
V  [jvm.dll+0x8365be]
V  [jvm.dll+0x836c23]
V  [jvm.dll+0x2477ff]
V  [jvm.dll+0x67a109]
V  [jvm.dll+0x66eb7a]
V  [jvm.dll+0x30764b]
V  [jvm.dll+0x30eaf6]
V  [jvm.dll+0x35e83e]
V  [jvm.dll+0x35ea6f]
V  [jvm.dll+0x2de248]
V  [jvm.dll+0x2df1b4]
V  [jvm.dll+0x806361]
V  [jvm.dll+0x36c6f1]
V  [jvm.dll+0x7e4e06]
V  [jvm.dll+0x3eff3f]
V  [jvm.dll+0x3f1b71]
C  [jli.dll+0x528f]
C  [ucrtbase.dll+0x21bb2]
C  [KERNEL32.DLL+0x17344]
C  [ntdll.dll+0x4cc91]


---------------  P R O C E S S  ---------------

Threads class SMR info:
_java_thread_list=0x00007ffb6548ee98, length=0, elements={
}

Java Threads: ( => current thread )

Other Threads:
  0x000001b4e12e7100 GCTaskThread "GC Thread#0" [stack: 0x0000006f6bd00000,0x0000006f6be00000] [id=36108]
  0x000001b4e12f8da0 ConcurrentGCThread "G1 Main Marker" [stack: 0x0000006f6be00000,0x0000006f6bf00000] [id=37124]
  0x000001b4e12f9f60 ConcurrentGCThread "G1 Conc#0" [stack: 0x0000006f6bf00000,0x0000006f6c000000] [id=30068]

[error occurred during error reporting (printing all threads), id 0xc0000005, EXCEPTION_ACCESS_VIOLATION (0xc0000005) at pc=0x00007ffb64c4ec87]

VM state: not at safepoint (not fully initialized)

VM Mutex/Monitor currently owned by a thread:  ([mutex/lock_event])
[0x000001b4e12888d0] Heap_lock - owner thread: 0x000001b4e128d570

Heap address: 0x0000000081600000, size: 2026 MB, Compressed Oops mode: 32-bit

CDS archive(s) mapped at: [0x0000000000000000-0x0000000000000000-0x0000000000000000), size 0, SharedBaseAddress: 0x0000000800000000, ArchiveRelocationMode: 1.
Narrow klass base: 0x0000000000000000, Narrow klass shift: 0, Narrow klass range: 0x0

GC Precious Log:
<Empty>

Heap:
 garbage-first heap   total 0K, used 0K [0x0000000081600000, 0x0000000100000000)
  region size 1024K, 0 young (0K), 0 survivors (0K)

[error occurred during error reporting (printing heap information), id 0xc0000005, EXCEPTION_ACCESS_VIOLATION (0xc0000005) at pc=0x00007ffb65036fb9]

GC Heap History (0 events):
No events

Dll operation events (1 events):
Event: 0.007 Loaded shared library C:\Users\PC1\AppData\Local\Programs\Eclipse Adoptium\jdk-17.0.10.7-hotspot\bin\java.dll

Deoptimization events (0 events):
No events

Classes unloaded (0 events):
No events

Classes redefined (0 events):
No events

Internal exceptions (0 events):
No events

VM Operations (0 events):
No events

Events (0 events):
No events


Dynamic libraries:
0x00007ff7b3a90000 - 0x00007ff7b3a9e000 	C:\Users\PC1\AppData\Local\Programs\Eclipse Adoptium\jdk-17.0.10.7-hotspot\bin\java.exe
0x00007ffbae230000 - 0x00007ffbae428000 	C:\Windows\SYSTEM32\ntdll.dll
0x00007ffbacea0000 - 0x00007ffbacf5d000 	C:\Windows\System32\KERNEL32.DLL
0x00007ffbabd90000 - 0x00007ffbac086000 	C:\Windows\System32\KERNELBASE.dll
0x00007ffbab960000 - 0x00007ffbaba60000 	C:\Windows\System32\ucrtbase.dll
0x00007ffba3c90000 - 0x00007ffba3cab000 	C:\Users\PC1\AppData\Local\Programs\Eclipse Adoptium\jdk-17.0.10.7-hotspot\bin\VCRUNTIME140.dll
0x00007ffba3b50000 - 0x00007ffba3b67000 	C:\Users\PC1\AppData\Local\Programs\Eclipse Adoptium\jdk-17.0.10.7-hotspot\bin\jli.dll
0x00007ffbac420000 - 0x00007ffbac5bf000 	C:\Windows\System32\USER32.dll
0x00007ffbac090000 - 0x00007ffbac0b2000 	C:\Windows\System32\win32u.dll
0x00007ffb9c380000 - 0x00007ffb9c61a000 	C:\Windows\WinSxS\amd64_microsoft.windows.common-controls_6595b64144ccf1df_6.0.19041.4355_none_60b8b9eb71f62e16\COMCTL32.dll
0x00007ffbac2a0000 - 0x00007ffbac33e000 	C:\Windows\System32\msvcrt.dll
0x00007ffbace60000 - 0x00007ffbace8b000 	C:\Windows\System32\GDI32.dll
0x00007ffbabb20000 - 0x00007ffbabc37000 	C:\Windows\System32\gdi32full.dll
0x00007ffbabcf0000 - 0x00007ffbabd8d000 	C:\Windows\System32\msvcp_win.dll
0x00007ffbac270000 - 0x00007ffbac29f000 	C:\Windows\System32\IMM32.DLL
0x00007ffba3aa0000 - 0x00007ffba3aac000 	C:\Users\PC1\AppData\Local\Programs\Eclipse Adoptium\jdk-17.0.10.7-hotspot\bin\vcruntime140_1.dll
0x00007ffb86470000 - 0x00007ffb864fd000 	C:\Users\PC1\AppData\Local\Programs\Eclipse Adoptium\jdk-17.0.10.7-hotspot\bin\msvcp140.dll
0x00007ffb64960000 - 0x00007ffb655c2000 	C:\Users\PC1\AppData\Local\Programs\Eclipse Adoptium\jdk-17.0.10.7-hotspot\bin\server\jvm.dll
0x00007ffbade50000 - 0x00007ffbadf00000 	C:\Windows\System32\ADVAPI32.dll
0x00007ffbad850000 - 0x00007ffbad8f0000 	C:\Windows\System32\sechost.dll
0x00007ffbadd20000 - 0x00007ffbade43000 	C:\Windows\System32\RPCRT4.dll
0x00007ffbaba60000 - 0x00007ffbaba87000 	C:\Windows\System32\bcrypt.dll
0x00007ffbab690000 - 0x00007ffbab6db000 	C:\Windows\SYSTEM32\POWRPROF.dll
0x00007ffba3bf0000 - 0x00007ffba3bf9000 	C:\Windows\SYSTEM32\WSOCK32.dll
0x00007ffbae100000 - 0x00007ffbae16b000 	C:\Windows\System32\WS2_32.dll
0x00007ffb9ec50000 - 0x00007ffb9ec77000 	C:\Windows\SYSTEM32\WINMM.dll
0x00007ffb9eac0000 - 0x00007ffb9eaca000 	C:\Windows\SYSTEM32\VERSION.dll
0x00007ffbab670000 - 0x00007ffbab682000 	C:\Windows\SYSTEM32\UMPDC.dll
0x00007ffba9790000 - 0x00007ffba97a2000 	C:\Windows\SYSTEM32\kernel.appcore.dll
0x00007ffba3a90000 - 0x00007ffba3a9a000 	C:\Users\PC1\AppData\Local\Programs\Eclipse Adoptium\jdk-17.0.10.7-hotspot\bin\jimage.dll
0x00007ffb95e30000 - 0x00007ffb96014000 	C:\Windows\SYSTEM32\DBGHELP.DLL
0x00007ffb95da0000 - 0x00007ffb95dd4000 	C:\Windows\SYSTEM32\dbgcore.DLL
0x00007ffbaba90000 - 0x00007ffbabb12000 	C:\Windows\System32\bcryptPrimitives.dll
0x00007ffba3880000 - 0x00007ffba38a5000 	C:\Users\PC1\AppData\Local\Programs\Eclipse Adoptium\jdk-17.0.10.7-hotspot\bin\java.dll

dbghelp: loaded successfully - version: 4.0.5 - missing functions: none
symbol engine: initialized successfully - sym options: 0x614 - pdb path: .;C:\Users\PC1\AppData\Local\Programs\Eclipse Adoptium\jdk-17.0.10.7-hotspot\bin;C:\Windows\SYSTEM32;C:\Windows\WinSxS\amd64_microsoft.windows.common-controls_6595b64144ccf1df_6.0.19041.4355_none_60b8b9eb71f62e16;C:\Users\PC1\AppData\Local\Programs\Eclipse Adoptium\jdk-17.0.10.7-hotspot\bin\server

VM Arguments:
jvm_args: -XX:+ShowCodeDetailsInExceptionMessages 
java_command: snake2.Snake2
java_class_path (initial): C:\Users\PC1\AppData\Roaming\Code\User\workspaceStorage\b4a83ee400d60e41797bc0485eb57087\redhat.java\jdt_ws\Snake_FinalFinalAhoraSi_e8b0d868\bin;c:\Users\PC1\Desktop\UNIVERSIDAD\IV Semestre\Programación III\Mine\Snake_FinalFinalAhoraSi\lib\jlayer-1.0.1-1.jar;c:\Users\PC1\Desktop\UNIVERSIDAD\IV Semestre\Programación III\Mine\Snake_FinalFinalAhoraSi\lib\AbsoluteLayout-RELEASE220.jar
Launcher Type: SUN_STANDARD

[Global flags]
     intx CICompilerCount                          = 3                                         {product} {ergonomic}
     uint ConcGCThreads                            = 1                                         {product} {ergonomic}
     uint G1ConcRefinementThreads                  = 4                                         {product} {ergonomic}
   size_t G1HeapRegionSize                         = 1048576                                   {product} {ergonomic}
    uintx GCDrainStackTargetSize                   = 64                                        {product} {ergonomic}
   size_t InitialHeapSize                          = 134217728                                 {product} {ergonomic}
   size_t MarkStackSize                            = 4194304                                   {product} {ergonomic}
   size_t MaxHeapSize                              = 2124414976                                {product} {ergonomic}
   size_t MinHeapDeltaBytes                        = 1048576                                   {product} {ergonomic}
   size_t MinHeapSize                              = 8388608                                   {product} {ergonomic}
    uintx NonNMethodCodeHeapSize                   = 5832780                                {pd product} {ergonomic}
    uintx NonProfiledCodeHeapSize                  = 122912730                              {pd product} {ergonomic}
    uintx ProfiledCodeHeapSize                     = 122912730                              {pd product} {ergonomic}
    uintx ReservedCodeCacheSize                    = 251658240                              {pd product} {ergonomic}
     bool SegmentedCodeCache                       = true                                      {product} {ergonomic}
     bool ShowCodeDetailsInExceptionMessages       = true                                   {manageable} {command line}
   size_t SoftMaxHeapSize                          = 2124414976                             {manageable} {ergonomic}
     bool UseCompressedClassPointers               = true                           {product lp64_product} {ergonomic}
     bool UseCompressedOops                        = true                           {product lp64_product} {ergonomic}
     bool UseG1GC                                  = true                                      {product} {ergonomic}
     bool UseLargePagesIndividualAllocation        = false                                  {pd product} {ergonomic}

Logging:
Log output configuration:
 #0: stdout all=warning uptime,level,tags
 #1: stderr all=off uptime,level,tags

Environment Variables:
JAVA_HOME=C:\Users\PC1\AppData\Local\Programs\Eclipse Adoptium\jdk-17.0.10.7-hotspot\
PATH=C:\ProgramData\Oracle\Java\javapath;C:\Program Files\Eclipse Adoptium\jdk-21.0.2.13-hotspot\bin;C:\Windows\system32;C:\Windows;C:\Windows\System32\Wbem;C:\Windows\System32\WindowsPowerShell\v1.0\;C:\Windows\System32\OpenSSH\;C:\msys64\ucrt64\bin;C:\Program Files\Git\cmd;C:\Users\PC1\AppData\Local\Programs\Eclipse Adoptium\jdk-17.0.10.7-hotspot\bin;C:\Users\PC1\AppData\Local\Microsoft\WindowsApps;C:\Users\PC1\AppData\Local\Programs\Microsoft VS Code\bin
USERNAME=PC1
LANG=en_US.UTF-8
OS=Windows_NT
PROCESSOR_IDENTIFIER=Intel64 Family 6 Model 60 Stepping 3, GenuineIntel
TMP=C:\Users\PC1\AppData\Local\Temp
TEMP=C:\Users\PC1\AppData\Local\Temp



Periodic native trim disabled


---------------  S Y S T E M  ---------------

OS:
 Windows 10 , 64 bit Build 19041 (10.0.19041.3636)
OS uptime: 24 days 19:50 hours

CPU: total 4 (initial active 4) (4 cores per cpu, 1 threads per core) family 6 model 60 stepping 3 microcode 0x27, cx8, cmov, fxsr, mmx, sse, sse2, sse3, ssse3, sse4.1, sse4.2, popcnt, lzcnt, tsc, tscinvbit, avx, avx2, aes, erms, clmul, bmi1, bmi2, fma, vzeroupper, clflush
Processor Information for all 4 processors :
  Max Mhz: 3201, Current Mhz: 3201, Mhz Limit: 3201

Memory: 4k page, system-wide physical 8098M (883M free)
TotalPageFile size 23232M (AvailPageFile size 55M)
current process WorkingSet (physical memory assigned to process): 10M, peak: 10M
current process commit charge ("private bytes"): 52M, peak: 179M

vm_info: OpenJDK 64-Bit Server VM (17.0.10+7) for windows-amd64 JRE (17.0.10+7), built on Jan 16 2024 23:25:11 by "admin" with MS VC++ 16.10 / 16.11 (VS2019)

END.
