#
# There is insufficient memory for the Java Runtime Environment to continue.
# Native memory allocation (malloc) failed to allocate 710096 bytes for Chunk::new
# Possible reasons:
#   The system is out of physical RAM or swap space
#   The process is running with CompressedOops enabled, and the Java Heap may be blocking the growth of the native heap
# Possible solutions:
#   Reduce memory load on the system
#   Increase physical memory or swap space
#   Check if swap backing store is full
#   Decrease Java heap size (-Xmx/-Xms)
#   Decrease number of Java threads
#   Decrease Java thread stack sizes (-Xss)
#   Set larger code cache with -XX:ReservedCodeCacheSize=
#   JVM is running with Unscaled Compressed Oops mode in which the Java heap is
#     placed in the first 4GB address space. The Java Heap base address is the
#     maximum limit for the native heap growth. Please use -XX:HeapBaseMinAddress
#     to set the Java Heap base and to place the Java Heap above 4GB virtual address.
# This output file may be truncated or incomplete.
#
#  Out of Memory Error (arena.cpp:191), pid=48832, tid=26584
#
# JRE version: OpenJDK Runtime Environment Temurin-17.0.10+7 (17.0.10+7) (build 17.0.10+7)
# Java VM: OpenJDK 64-Bit Server VM Temurin-17.0.10+7 (17.0.10+7, mixed mode, sharing, tiered, compressed oops, compressed class ptrs, g1 gc, windows-amd64)
# No core dump will be written. Minidumps are not enabled by default on client versions of Windows
#

---------------  S U M M A R Y ------------

Command Line: -XX:+ShowCodeDetailsInExceptionMessages snake2.Snake2

Host: Intel(R) Core(TM) i5-4570 CPU @ 3.20GHz, 4 cores, 7G,  Windows 10 , 64 bit Build 19041 (10.0.19041.3636)
Time: Mon Jul  8 07:39:05 2024 Hora estándar de Venezuela elapsed time: 3.656468 seconds (0d 0h 0m 3s)

---------------  T H R E A D  ---------------

Current thread (0x000001bba11a9b30):  JavaThread "C2 CompilerThread0" daemon [_thread_in_native, id=26584, stack(0x000000938aa00000,0x000000938ab00000)]


Current CompileTask:
C2:   3656 1329 %     4       javazoom.jl.decoder.LayerIIIDecoder::decode @ 340 (580 bytes)

Stack: [0x000000938aa00000,0x000000938ab00000]
Native frames: (J=compiled Java code, j=interpreted, Vv=VM code, C=native code)
V  [jvm.dll+0x67d2c9]
V  [jvm.dll+0x834afa]
V  [jvm.dll+0x8365be]
V  [jvm.dll+0x836c23]
V  [jvm.dll+0x2477ff]
V  [jvm.dll+0xac514]
V  [jvm.dll+0xacb5c]
V  [jvm.dll+0x2aed1f]
V  [jvm.dll+0x584b67]
V  [jvm.dll+0x2228a2]
V  [jvm.dll+0x222c8f]
V  [jvm.dll+0x21bdb6]
V  [jvm.dll+0x219201]
V  [jvm.dll+0x1a502d]
V  [jvm.dll+0x2290de]
V  [jvm.dll+0x2272ac]
V  [jvm.dll+0x7e9bb7]
V  [jvm.dll+0x7e3fba]
V  [jvm.dll+0x67c1b5]
C  [ucrtbase.dll+0x21bb2]
C  [KERNEL32.DLL+0x17344]
C  [ntdll.dll+0x4cc91]


---------------  P R O C E S S  ---------------

Threads class SMR info:
_java_thread_list=0x000001bbe7adf7d0, length=20, elements={
0x000001bba1181950, 0x000001bba11827d0, 0x000001bba1198920, 0x000001bba119a4f0,
0x000001bba119cec0, 0x000001bba11a5890, 0x000001bba11a9b30, 0x000001bba11ab5f0,
0x000001bba11aebf0, 0x000001bba1404d90, 0x000001bba142bf60, 0x000001bba1662ad0,
0x000001bba1669a80, 0x000001bba166ca20, 0x000001bba16ae6c0, 0x000001bbe7a10960,
0x000001bb8156d800, 0x000001bbe7b5e430, 0x000001bbe7d472d0, 0x000001bbe7bb3e50
}

Java Threads: ( => current thread )
  0x000001bba1181950 JavaThread "Reference Handler" daemon [_thread_blocked, id=38204, stack(0x000000938a400000,0x000000938a500000)]
  0x000001bba11827d0 JavaThread "Finalizer" daemon [_thread_blocked, id=2484, stack(0x000000938a500000,0x000000938a600000)]
  0x000001bba1198920 JavaThread "Signal Dispatcher" daemon [_thread_blocked, id=28052, stack(0x000000938a600000,0x000000938a700000)]
  0x000001bba119a4f0 JavaThread "Attach Listener" daemon [_thread_blocked, id=28352, stack(0x000000938a700000,0x000000938a800000)]
  0x000001bba119cec0 JavaThread "Service Thread" daemon [_thread_blocked, id=15768, stack(0x000000938a800000,0x000000938a900000)]
  0x000001bba11a5890 JavaThread "Monitor Deflation Thread" daemon [_thread_blocked, id=30960, stack(0x000000938a900000,0x000000938aa00000)]
=>0x000001bba11a9b30 JavaThread "C2 CompilerThread0" daemon [_thread_in_native, id=26584, stack(0x000000938aa00000,0x000000938ab00000)]
  0x000001bba11ab5f0 JavaThread "C1 CompilerThread0" daemon [_thread_blocked, id=26224, stack(0x000000938ab00000,0x000000938ac00000)]
  0x000001bba11aebf0 JavaThread "Sweeper thread" daemon [_thread_blocked, id=22868, stack(0x000000938ac00000,0x000000938ad00000)]
  0x000001bba1404d90 JavaThread "Notification Thread" daemon [_thread_blocked, id=16560, stack(0x000000938ad00000,0x000000938ae00000)]
  0x000001bba142bf60 JavaThread "Common-Cleaner" daemon [_thread_blocked, id=36132, stack(0x000000938af00000,0x000000938b000000)]
  0x000001bba1662ad0 JavaThread "Java2D Disposer" daemon [_thread_blocked, id=24352, stack(0x000000938b000000,0x000000938b100000)]
  0x000001bba1669a80 JavaThread "AWT-Shutdown" [_thread_blocked, id=24532, stack(0x000000938b100000,0x000000938b200000)]
  0x000001bba166ca20 JavaThread "AWT-Windows" daemon [_thread_in_native, id=19864, stack(0x000000938b200000,0x000000938b300000)]
  0x000001bba16ae6c0 JavaThread "Image Fetcher 0" daemon [_thread_blocked, id=28440, stack(0x000000938b300000,0x000000938b400000)]
  0x000001bbe7a10960 JavaThread "AWT-EventQueue-0" [_thread_in_native, id=24456, stack(0x000000938b400000,0x000000938b500000)]
  0x000001bb8156d800 JavaThread "DestroyJavaVM" [_thread_blocked, id=6484, stack(0x0000009389d00000,0x0000009389e00000)]
  0x000001bbe7b5e430 JavaThread "TimerQueue" daemon [_thread_blocked, id=23248, stack(0x000000938b800000,0x000000938b900000)]
  0x000001bbe7d472d0 JavaThread "Java Sound Event Dispatcher" daemon [_thread_blocked, id=53128, stack(0x000000938bf00000,0x000000938c000000)]
  0x000001bbe7bb3e50 JavaThread "Thread-0" [_thread_blocked, id=7348, stack(0x000000938c000000,0x000000938c100000)]

Other Threads:
  0x000001bba117ad40 VMThread "VM Thread" [stack: 0x000000938a300000,0x000000938a400000] [id=23736]
  0x000001bba1427290 WatcherThread [stack: 0x000000938ae00000,0x000000938af00000] [id=1620]
  0x000001bb836a64e0 GCTaskThread "GC Thread#0" [stack: 0x0000009389e00000,0x0000009389f00000] [id=46008]
  0x000001bbe7b72b50 GCTaskThread "GC Thread#1" [stack: 0x000000938b900000,0x000000938ba00000] [id=23964]
  0x000001bbe7b72e10 GCTaskThread "GC Thread#2" [stack: 0x000000938ba00000,0x000000938bb00000] [id=40232]
  0x000001bbe7b730d0 GCTaskThread "GC Thread#3" [stack: 0x000000938bb00000,0x000000938bc00000] [id=46140]
  0x000001bb836b7170 ConcurrentGCThread "G1 Main Marker" [stack: 0x0000009389f00000,0x000000938a000000] [id=29288]
  0x000001bb836b9340 ConcurrentGCThread "G1 Conc#0" [stack: 0x000000938a000000,0x000000938a100000] [id=49036]
  0x000001bb837017c0 ConcurrentGCThread "G1 Refine#0" [stack: 0x000000938a100000,0x000000938a200000] [id=15824]
  0x000001bba161eda0 ConcurrentGCThread "G1 Refine#1" [stack: 0x000000938bc00000,0x000000938bd00000] [id=29812]
  0x000001bba1042320 ConcurrentGCThread "G1 Service" [stack: 0x000000938a200000,0x000000938a300000] [id=26220]

Threads with active compile tasks:
C2 CompilerThread0     3678 1329 %     4       javazoom.jl.decoder.LayerIIIDecoder::decode @ 340 (580 bytes)

VM state: not at safepoint (normal execution)

VM Mutex/Monitor currently owned by a thread: None

Heap address: 0x0000000081600000, size: 2026 MB, Compressed Oops mode: 32-bit

CDS archive(s) mapped at: [0x000001bba2000000-0x000001bba2bb0000-0x000001bba2bb0000), size 12255232, SharedBaseAddress: 0x000001bba2000000, ArchiveRelocationMode: 1.
Compressed class space mapped at: 0x000001bba3000000-0x000001bbe3000000, reserved size: 1073741824
Narrow klass base: 0x000001bba2000000, Narrow klass shift: 0, Narrow klass range: 0x100000000

GC Precious Log:
 CPUs: 4 total, 4 available
 Memory: 8098M
 Large Page Support: Disabled
 NUMA Support: Disabled
 Compressed Oops: Enabled (32-bit)
 Heap Region Size: 1M
 Heap Min Capacity: 8M
 Heap Initial Capacity: 128M
 Heap Max Capacity: 2026M
 Pre-touch: Disabled
 Parallel Workers: 4
 Concurrent Workers: 1
 Concurrent Refinement Workers: 4
 Periodic GC: Disabled

Heap:
 garbage-first heap   total 131072K, used 18512K [0x0000000081600000, 0x0000000100000000)
  region size 1024K, 8 young (8192K), 2 survivors (2048K)
 Metaspace       used 9545K, committed 9728K, reserved 1114112K
  class space    used 1097K, committed 1216K, reserved 1048576K

Heap Regions: E=young(eden), S=young(survivor), O=old, HS=humongous(starts), HC=humongous(continues), CS=collection set, F=free, OA=open archive, CA=closed archive, TAMS=top-at-mark-start (previous, next)
|   0|0x0000000081600000, 0x0000000081700000, 0x0000000081700000|100%|HS|  |TAMS 0x0000000081600000, 0x0000000081600000| Complete 
|   1|0x0000000081700000, 0x0000000081800000, 0x0000000081800000|100%|HC|  |TAMS 0x0000000081700000, 0x0000000081700000| Complete 
|   2|0x0000000081800000, 0x0000000081900000, 0x0000000081900000|100%|HS|  |TAMS 0x0000000081800000, 0x0000000081800000| Complete 
|   3|0x0000000081900000, 0x0000000081a00000, 0x0000000081a00000|100%|HC|  |TAMS 0x0000000081900000, 0x0000000081900000| Complete 
|   4|0x0000000081a00000, 0x0000000081b00000, 0x0000000081b00000|100%|HS|  |TAMS 0x0000000081a00000, 0x0000000081a00000| Complete 
|   5|0x0000000081b00000, 0x0000000081c00000, 0x0000000081c00000|100%|HC|  |TAMS 0x0000000081b00000, 0x0000000081b00000| Complete 
|   6|0x0000000081c00000, 0x0000000081d00000, 0x0000000081d00000|100%| O|  |TAMS 0x0000000081c00000, 0x0000000081c00000| Untracked 
|   7|0x0000000081d00000, 0x0000000081d14000, 0x0000000081e00000|  7%| O|  |TAMS 0x0000000081d00000, 0x0000000081d00000| Untracked 
|   8|0x0000000081e00000, 0x0000000081f00000, 0x0000000081f00000|100%|HS|  |TAMS 0x0000000081e00000, 0x0000000081e00000| Complete 
|   9|0x0000000081f00000, 0x0000000082000000, 0x0000000082000000|100%|HC|  |TAMS 0x0000000081f00000, 0x0000000081f00000| Complete 
|  10|0x0000000082000000, 0x0000000082100000, 0x0000000082100000|100%|HS|  |TAMS 0x0000000082000000, 0x0000000082000000| Complete 
|  11|0x0000000082100000, 0x0000000082200000, 0x0000000082200000|100%|HC|  |TAMS 0x0000000082100000, 0x0000000082100000| Complete 
|  12|0x0000000082200000, 0x0000000082200000, 0x0000000082300000|  0%| F|  |TAMS 0x0000000082200000, 0x0000000082200000| Untracked 
|  13|0x0000000082300000, 0x0000000082300000, 0x0000000082400000|  0%| F|  |TAMS 0x0000000082300000, 0x0000000082300000| Untracked 
|  14|0x0000000082400000, 0x0000000082400000, 0x0000000082500000|  0%| F|  |TAMS 0x0000000082400000, 0x0000000082400000| Untracked 
|  15|0x0000000082500000, 0x0000000082500000, 0x0000000082600000|  0%| F|  |TAMS 0x0000000082500000, 0x0000000082500000| Untracked 
|  16|0x0000000082600000, 0x0000000082600000, 0x0000000082700000|  0%| F|  |TAMS 0x0000000082600000, 0x0000000082600000| Untracked 
|  17|0x0000000082700000, 0x0000000082700000, 0x0000000082800000|  0%| F|  |TAMS 0x0000000082700000, 0x0000000082700000| Untracked 
|  18|0x0000000082800000, 0x0000000082800000, 0x0000000082900000|  0%| F|  |TAMS 0x0000000082800000, 0x0000000082800000| Untracked 
|  19|0x0000000082900000, 0x0000000082900000, 0x0000000082a00000|  0%| F|  |TAMS 0x0000000082900000, 0x0000000082900000| Untracked 
|  20|0x0000000082a00000, 0x0000000082a00000, 0x0000000082b00000|  0%| F|  |TAMS 0x0000000082a00000, 0x0000000082a00000| Untracked 
|  21|0x0000000082b00000, 0x0000000082b00000, 0x0000000082c00000|  0%| F|  |TAMS 0x0000000082b00000, 0x0000000082b00000| Untracked 
|  22|0x0000000082c00000, 0x0000000082c00000, 0x0000000082d00000|  0%| F|  |TAMS 0x0000000082c00000, 0x0000000082c00000| Untracked 
|  23|0x0000000082d00000, 0x0000000082d00000, 0x0000000082e00000|  0%| F|  |TAMS 0x0000000082d00000, 0x0000000082d00000| Untracked 
|  24|0x0000000082e00000, 0x0000000082e00000, 0x0000000082f00000|  0%| F|  |TAMS 0x0000000082e00000, 0x0000000082e00000| Untracked 
|  25|0x0000000082f00000, 0x0000000082f00000, 0x0000000083000000|  0%| F|  |TAMS 0x0000000082f00000, 0x0000000082f00000| Untracked 
|  26|0x0000000083000000, 0x0000000083000000, 0x0000000083100000|  0%| F|  |TAMS 0x0000000083000000, 0x0000000083000000| Untracked 
|  27|0x0000000083100000, 0x0000000083100000, 0x0000000083200000|  0%| F|  |TAMS 0x0000000083100000, 0x0000000083100000| Untracked 
|  28|0x0000000083200000, 0x0000000083200000, 0x0000000083300000|  0%| F|  |TAMS 0x0000000083200000, 0x0000000083200000| Untracked 
|  29|0x0000000083300000, 0x0000000083300000, 0x0000000083400000|  0%| F|  |TAMS 0x0000000083300000, 0x0000000083300000| Untracked 
|  30|0x0000000083400000, 0x0000000083400000, 0x0000000083500000|  0%| F|  |TAMS 0x0000000083400000, 0x0000000083400000| Untracked 
|  31|0x0000000083500000, 0x0000000083500000, 0x0000000083600000|  0%| F|  |TAMS 0x0000000083500000, 0x0000000083500000| Untracked 
|  32|0x0000000083600000, 0x0000000083600000, 0x0000000083700000|  0%| F|  |TAMS 0x0000000083600000, 0x0000000083600000| Untracked 
|  33|0x0000000083700000, 0x0000000083700000, 0x0000000083800000|  0%| F|  |TAMS 0x0000000083700000, 0x0000000083700000| Untracked 
|  34|0x0000000083800000, 0x0000000083800000, 0x0000000083900000|  0%| F|  |TAMS 0x0000000083800000, 0x0000000083800000| Untracked 
|  35|0x0000000083900000, 0x0000000083900000, 0x0000000083a00000|  0%| F|  |TAMS 0x0000000083900000, 0x0000000083900000| Untracked 
|  36|0x0000000083a00000, 0x0000000083a00000, 0x0000000083b00000|  0%| F|  |TAMS 0x0000000083a00000, 0x0000000083a00000| Untracked 
|  37|0x0000000083b00000, 0x0000000083b00000, 0x0000000083c00000|  0%| F|  |TAMS 0x0000000083b00000, 0x0000000083b00000| Untracked 
|  38|0x0000000083c00000, 0x0000000083c00000, 0x0000000083d00000|  0%| F|  |TAMS 0x0000000083c00000, 0x0000000083c00000| Untracked 
|  39|0x0000000083d00000, 0x0000000083d00000, 0x0000000083e00000|  0%| F|  |TAMS 0x0000000083d00000, 0x0000000083d00000| Untracked 
|  40|0x0000000083e00000, 0x0000000083e00000, 0x0000000083f00000|  0%| F|  |TAMS 0x0000000083e00000, 0x0000000083e00000| Untracked 
|  41|0x0000000083f00000, 0x0000000083f00000, 0x0000000084000000|  0%| F|  |TAMS 0x0000000083f00000, 0x0000000083f00000| Untracked 
|  42|0x0000000084000000, 0x0000000084000000, 0x0000000084100000|  0%| F|  |TAMS 0x0000000084000000, 0x0000000084000000| Untracked 
|  43|0x0000000084100000, 0x0000000084100000, 0x0000000084200000|  0%| F|  |TAMS 0x0000000084100000, 0x0000000084100000| Untracked 
|  44|0x0000000084200000, 0x0000000084200000, 0x0000000084300000|  0%| F|  |TAMS 0x0000000084200000, 0x0000000084200000| Untracked 
|  45|0x0000000084300000, 0x0000000084300000, 0x0000000084400000|  0%| F|  |TAMS 0x0000000084300000, 0x0000000084300000| Untracked 
|  46|0x0000000084400000, 0x0000000084400000, 0x0000000084500000|  0%| F|  |TAMS 0x0000000084400000, 0x0000000084400000| Untracked 
|  47|0x0000000084500000, 0x0000000084500000, 0x0000000084600000|  0%| F|  |TAMS 0x0000000084500000, 0x0000000084500000| Untracked 
|  48|0x0000000084600000, 0x0000000084600000, 0x0000000084700000|  0%| F|  |TAMS 0x0000000084600000, 0x0000000084600000| Untracked 
|  49|0x0000000084700000, 0x0000000084700000, 0x0000000084800000|  0%| F|  |TAMS 0x0000000084700000, 0x0000000084700000| Untracked 
|  50|0x0000000084800000, 0x0000000084800000, 0x0000000084900000|  0%| F|  |TAMS 0x0000000084800000, 0x0000000084800000| Untracked 
|  51|0x0000000084900000, 0x0000000084900000, 0x0000000084a00000|  0%| F|  |TAMS 0x0000000084900000, 0x0000000084900000| Untracked 
|  52|0x0000000084a00000, 0x0000000084a00000, 0x0000000084b00000|  0%| F|  |TAMS 0x0000000084a00000, 0x0000000084a00000| Untracked 
|  53|0x0000000084b00000, 0x0000000084b00000, 0x0000000084c00000|  0%| F|  |TAMS 0x0000000084b00000, 0x0000000084b00000| Untracked 
|  54|0x0000000084c00000, 0x0000000084c00000, 0x0000000084d00000|  0%| F|  |TAMS 0x0000000084c00000, 0x0000000084c00000| Untracked 
|  55|0x0000000084d00000, 0x0000000084d00000, 0x0000000084e00000|  0%| F|  |TAMS 0x0000000084d00000, 0x0000000084d00000| Untracked 
|  56|0x0000000084e00000, 0x0000000084e00000, 0x0000000084f00000|  0%| F|  |TAMS 0x0000000084e00000, 0x0000000084e00000| Untracked 
|  57|0x0000000084f00000, 0x0000000084f00000, 0x0000000085000000|  0%| F|  |TAMS 0x0000000084f00000, 0x0000000084f00000| Untracked 
|  58|0x0000000085000000, 0x0000000085000000, 0x0000000085100000|  0%| F|  |TAMS 0x0000000085000000, 0x0000000085000000| Untracked 
|  59|0x0000000085100000, 0x0000000085100000, 0x0000000085200000|  0%| F|  |TAMS 0x0000000085100000, 0x0000000085100000| Untracked 
|  60|0x0000000085200000, 0x0000000085200000, 0x0000000085300000|  0%| F|  |TAMS 0x0000000085200000, 0x0000000085200000| Untracked 
|  61|0x0000000085300000, 0x0000000085300000, 0x0000000085400000|  0%| F|  |TAMS 0x0000000085300000, 0x0000000085300000| Untracked 
|  62|0x0000000085400000, 0x0000000085400000, 0x0000000085500000|  0%| F|  |TAMS 0x0000000085400000, 0x0000000085400000| Untracked 
|  63|0x0000000085500000, 0x0000000085500000, 0x0000000085600000|  0%| F|  |TAMS 0x0000000085500000, 0x0000000085500000| Untracked 
|  64|0x0000000085600000, 0x0000000085600000, 0x0000000085700000|  0%| F|  |TAMS 0x0000000085600000, 0x0000000085600000| Untracked 
|  65|0x0000000085700000, 0x0000000085700000, 0x0000000085800000|  0%| F|  |TAMS 0x0000000085700000, 0x0000000085700000| Untracked 
|  66|0x0000000085800000, 0x0000000085800000, 0x0000000085900000|  0%| F|  |TAMS 0x0000000085800000, 0x0000000085800000| Untracked 
|  67|0x0000000085900000, 0x0000000085900000, 0x0000000085a00000|  0%| F|  |TAMS 0x0000000085900000, 0x0000000085900000| Untracked 
|  68|0x0000000085a00000, 0x0000000085a00000, 0x0000000085b00000|  0%| F|  |TAMS 0x0000000085a00000, 0x0000000085a00000| Untracked 
|  69|0x0000000085b00000, 0x0000000085b00000, 0x0000000085c00000|  0%| F|  |TAMS 0x0000000085b00000, 0x0000000085b00000| Untracked 
|  70|0x0000000085c00000, 0x0000000085c00000, 0x0000000085d00000|  0%| F|  |TAMS 0x0000000085c00000, 0x0000000085c00000| Untracked 
|  71|0x0000000085d00000, 0x0000000085d00000, 0x0000000085e00000|  0%| F|  |TAMS 0x0000000085d00000, 0x0000000085d00000| Untracked 
|  72|0x0000000085e00000, 0x0000000085e00000, 0x0000000085f00000|  0%| F|  |TAMS 0x0000000085e00000, 0x0000000085e00000| Untracked 
|  73|0x0000000085f00000, 0x0000000085f00000, 0x0000000086000000|  0%| F|  |TAMS 0x0000000085f00000, 0x0000000085f00000| Untracked 
|  74|0x0000000086000000, 0x0000000086000000, 0x0000000086100000|  0%| F|  |TAMS 0x0000000086000000, 0x0000000086000000| Untracked 
|  75|0x0000000086100000, 0x0000000086100000, 0x0000000086200000|  0%| F|  |TAMS 0x0000000086100000, 0x0000000086100000| Untracked 
|  76|0x0000000086200000, 0x0000000086200000, 0x0000000086300000|  0%| F|  |TAMS 0x0000000086200000, 0x0000000086200000| Untracked 
|  77|0x0000000086300000, 0x0000000086300000, 0x0000000086400000|  0%| F|  |TAMS 0x0000000086300000, 0x0000000086300000| Untracked 
|  78|0x0000000086400000, 0x0000000086400000, 0x0000000086500000|  0%| F|  |TAMS 0x0000000086400000, 0x0000000086400000| Untracked 
|  79|0x0000000086500000, 0x0000000086500000, 0x0000000086600000|  0%| F|  |TAMS 0x0000000086500000, 0x0000000086500000| Untracked 
|  80|0x0000000086600000, 0x0000000086600000, 0x0000000086700000|  0%| F|  |TAMS 0x0000000086600000, 0x0000000086600000| Untracked 
|  81|0x0000000086700000, 0x0000000086700000, 0x0000000086800000|  0%| F|  |TAMS 0x0000000086700000, 0x0000000086700000| Untracked 
|  82|0x0000000086800000, 0x0000000086800000, 0x0000000086900000|  0%| F|  |TAMS 0x0000000086800000, 0x0000000086800000| Untracked 
|  83|0x0000000086900000, 0x0000000086900000, 0x0000000086a00000|  0%| F|  |TAMS 0x0000000086900000, 0x0000000086900000| Untracked 
|  84|0x0000000086a00000, 0x0000000086a00000, 0x0000000086b00000|  0%| F|  |TAMS 0x0000000086a00000, 0x0000000086a00000| Untracked 
|  85|0x0000000086b00000, 0x0000000086b00000, 0x0000000086c00000|  0%| F|  |TAMS 0x0000000086b00000, 0x0000000086b00000| Untracked 
|  86|0x0000000086c00000, 0x0000000086c00000, 0x0000000086d00000|  0%| F|  |TAMS 0x0000000086c00000, 0x0000000086c00000| Untracked 
|  87|0x0000000086d00000, 0x0000000086d00000, 0x0000000086e00000|  0%| F|  |TAMS 0x0000000086d00000, 0x0000000086d00000| Untracked 
|  88|0x0000000086e00000, 0x0000000086e00000, 0x0000000086f00000|  0%| F|  |TAMS 0x0000000086e00000, 0x0000000086e00000| Untracked 
|  89|0x0000000086f00000, 0x0000000086f00000, 0x0000000087000000|  0%| F|  |TAMS 0x0000000086f00000, 0x0000000086f00000| Untracked 
|  90|0x0000000087000000, 0x0000000087000000, 0x0000000087100000|  0%| F|  |TAMS 0x0000000087000000, 0x0000000087000000| Untracked 
|  91|0x0000000087100000, 0x0000000087100000, 0x0000000087200000|  0%| F|  |TAMS 0x0000000087100000, 0x0000000087100000| Untracked 
|  92|0x0000000087200000, 0x0000000087200000, 0x0000000087300000|  0%| F|  |TAMS 0x0000000087200000, 0x0000000087200000| Untracked 
|  93|0x0000000087300000, 0x0000000087300000, 0x0000000087400000|  0%| F|  |TAMS 0x0000000087300000, 0x0000000087300000| Untracked 
|  94|0x0000000087400000, 0x0000000087400000, 0x0000000087500000|  0%| F|  |TAMS 0x0000000087400000, 0x0000000087400000| Untracked 
|  95|0x0000000087500000, 0x0000000087500000, 0x0000000087600000|  0%| F|  |TAMS 0x0000000087500000, 0x0000000087500000| Untracked 
|  96|0x0000000087600000, 0x0000000087600000, 0x0000000087700000|  0%| F|  |TAMS 0x0000000087600000, 0x0000000087600000| Untracked 
|  97|0x0000000087700000, 0x0000000087700000, 0x0000000087800000|  0%| F|  |TAMS 0x0000000087700000, 0x0000000087700000| Untracked 
|  98|0x0000000087800000, 0x0000000087800000, 0x0000000087900000|  0%| F|  |TAMS 0x0000000087800000, 0x0000000087800000| Untracked 
|  99|0x0000000087900000, 0x0000000087900000, 0x0000000087a00000|  0%| F|  |TAMS 0x0000000087900000, 0x0000000087900000| Untracked 
| 100|0x0000000087a00000, 0x0000000087a00000, 0x0000000087b00000|  0%| F|  |TAMS 0x0000000087a00000, 0x0000000087a00000| Untracked 
| 101|0x0000000087b00000, 0x0000000087b00000, 0x0000000087c00000|  0%| F|  |TAMS 0x0000000087b00000, 0x0000000087b00000| Untracked 
| 102|0x0000000087c00000, 0x0000000087c00000, 0x0000000087d00000|  0%| F|  |TAMS 0x0000000087c00000, 0x0000000087c00000| Untracked 
| 103|0x0000000087d00000, 0x0000000087d00000, 0x0000000087e00000|  0%| F|  |TAMS 0x0000000087d00000, 0x0000000087d00000| Untracked 
| 104|0x0000000087e00000, 0x0000000087e00000, 0x0000000087f00000|  0%| F|  |TAMS 0x0000000087e00000, 0x0000000087e00000| Untracked 
| 105|0x0000000087f00000, 0x0000000087f00000, 0x0000000088000000|  0%| F|  |TAMS 0x0000000087f00000, 0x0000000087f00000| Untracked 
| 106|0x0000000088000000, 0x0000000088000000, 0x0000000088100000|  0%| F|  |TAMS 0x0000000088000000, 0x0000000088000000| Untracked 
| 107|0x0000000088100000, 0x0000000088100000, 0x0000000088200000|  0%| F|  |TAMS 0x0000000088100000, 0x0000000088100000| Untracked 
| 108|0x0000000088200000, 0x0000000088200000, 0x0000000088300000|  0%| F|  |TAMS 0x0000000088200000, 0x0000000088200000| Untracked 
| 109|0x0000000088300000, 0x0000000088300000, 0x0000000088400000|  0%| F|  |TAMS 0x0000000088300000, 0x0000000088300000| Untracked 
| 110|0x0000000088400000, 0x0000000088400000, 0x0000000088500000|  0%| F|  |TAMS 0x0000000088400000, 0x0000000088400000| Untracked 
| 111|0x0000000088500000, 0x0000000088500000, 0x0000000088600000|  0%| F|  |TAMS 0x0000000088500000, 0x0000000088500000| Untracked 
| 112|0x0000000088600000, 0x0000000088600000, 0x0000000088700000|  0%| F|  |TAMS 0x0000000088600000, 0x0000000088600000| Untracked 
| 113|0x0000000088700000, 0x0000000088800000, 0x0000000088800000|100%| S|CS|TAMS 0x0000000088700000, 0x0000000088700000| Complete 
| 114|0x0000000088800000, 0x0000000088900000, 0x0000000088900000|100%| S|CS|TAMS 0x0000000088800000, 0x0000000088800000| Complete 
| 115|0x0000000088900000, 0x0000000088900000, 0x0000000088a00000|  0%| F|  |TAMS 0x0000000088900000, 0x0000000088900000| Untracked 
| 116|0x0000000088a00000, 0x0000000088a00000, 0x0000000088b00000|  0%| F|  |TAMS 0x0000000088a00000, 0x0000000088a00000| Untracked 
| 117|0x0000000088b00000, 0x0000000088b00000, 0x0000000088c00000|  0%| F|  |TAMS 0x0000000088b00000, 0x0000000088b00000| Untracked 
| 118|0x0000000088c00000, 0x0000000088c00000, 0x0000000088d00000|  0%| F|  |TAMS 0x0000000088c00000, 0x0000000088c00000| Untracked 
| 119|0x0000000088d00000, 0x0000000088d00000, 0x0000000088e00000|  0%| F|  |TAMS 0x0000000088d00000, 0x0000000088d00000| Untracked 
| 120|0x0000000088e00000, 0x0000000088e00000, 0x0000000088f00000|  0%| F|  |TAMS 0x0000000088e00000, 0x0000000088e00000| Untracked 
| 121|0x0000000088f00000, 0x0000000088f00000, 0x0000000089000000|  0%| F|  |TAMS 0x0000000088f00000, 0x0000000088f00000| Untracked 
| 122|0x0000000089000000, 0x0000000089077968, 0x0000000089100000| 46%| E|  |TAMS 0x0000000089000000, 0x0000000089000000| Complete 
| 123|0x0000000089100000, 0x0000000089200000, 0x0000000089200000|100%| E|CS|TAMS 0x0000000089100000, 0x0000000089100000| Complete 
| 124|0x0000000089200000, 0x0000000089300000, 0x0000000089300000|100%| E|CS|TAMS 0x0000000089200000, 0x0000000089200000| Complete 
| 125|0x0000000089300000, 0x0000000089400000, 0x0000000089400000|100%| E|CS|TAMS 0x0000000089300000, 0x0000000089300000| Complete 
| 126|0x0000000089400000, 0x0000000089500000, 0x0000000089500000|100%| E|CS|TAMS 0x0000000089400000, 0x0000000089400000| Complete 
| 127|0x0000000089500000, 0x0000000089600000, 0x0000000089600000|100%| E|CS|TAMS 0x0000000089500000, 0x0000000089500000| Complete 

Card table byte_map: [0x000001bb9a580000,0x000001bb9a980000] _byte_map_base: 0x000001bb9a175000

Marking Bits (Prev, Next): (CMBitMap*) 0x000001bb836a6b00, (CMBitMap*) 0x000001bb836a6b40
 Prev Bits: [0x000001bb9ad80000, 0x000001bb9cd28000)
 Next Bits: [0x000001bb9cd30000, 0x000001bb9ecd8000)

Polling page: 0x000001bb815e0000

Metaspace:

Usage:
  Non-class:      8.25 MB used.
      Class:      1.07 MB used.
       Both:      9.32 MB used.

Virtual space:
  Non-class space:       64.00 MB reserved,       8.31 MB ( 13%) committed,  1 nodes.
      Class space:        1.00 GB reserved,       1.19 MB ( <1%) committed,  1 nodes.
             Both:        1.06 GB reserved,       9.50 MB ( <1%) committed. 

Chunk freelists:
   Non-Class:  6.88 MB
       Class:  14.70 MB
        Both:  21.58 MB

MaxMetaspaceSize: unlimited
CompressedClassSpaceSize: 1.00 GB
Initial GC threshold: 21.00 MB
Current GC threshold: 21.00 MB
CDS: on
MetaspaceReclaimPolicy: balanced
 - commit_granule_bytes: 65536.
 - commit_granule_words: 8192.
 - virtual_space_node_default_size: 8388608.
 - enlarge_chunks_in_place: 1.
 - new_chunks_are_fully_committed: 0.
 - uncommit_free_chunks: 1.
 - use_allocation_guard: 0.
 - handle_deallocations: 1.


Internal statistics:

num_allocs_failed_limit: 0.
num_arena_births: 120.
num_arena_deaths: 0.
num_vsnodes_births: 2.
num_vsnodes_deaths: 0.
num_space_committed: 152.
num_space_uncommitted: 0.
num_chunks_returned_to_freelist: 0.
num_chunks_taken_from_freelist: 199.
num_chunk_merges: 0.
num_chunk_splits: 102.
num_chunks_enlarged: 31.
num_inconsistent_stats: 0.

CodeHeap 'non-profiled nmethods': size=120000Kb used=434Kb max_used=434Kb free=119566Kb
 bounds [0x000001bb92c50000, 0x000001bb92ec0000, 0x000001bb9a180000]
CodeHeap 'profiled nmethods': size=120000Kb used=2466Kb max_used=2466Kb free=117533Kb
 bounds [0x000001bb8b180000, 0x000001bb8b3f0000, 0x000001bb926b0000]
CodeHeap 'non-nmethods': size=5760Kb used=1291Kb max_used=1310Kb free=4468Kb
 bounds [0x000001bb926b0000, 0x000001bb92920000, 0x000001bb92c50000]
 total_blobs=1949 nmethods=1328 adapters=534
 compilation: enabled
              stopped_count=0, restarted_count=0
 full_count=0

Compilation events (20 events):
Event: 3.488 Thread 0x000001bba11ab5f0 1322       3       javazoom.jl.decoder.SynthesisFilter::compute_pcm_samples5 (265 bytes)
Event: 3.489 Thread 0x000001bba11ab5f0 nmethod 1322 0x000001bb8b3e3710 code [0x000001bb8b3e3900, 0x000001bb8b3e4098]
Event: 3.489 Thread 0x000001bba11ab5f0 1323       3       javazoom.jl.decoder.SynthesisFilter::compute_pcm_samples6 (265 bytes)
Event: 3.489 Thread 0x000001bba11ab5f0 nmethod 1323 0x000001bb8b3e4490 code [0x000001bb8b3e4680, 0x000001bb8b3e4e38]
Event: 3.489 Thread 0x000001bba11ab5f0 1324       3       javazoom.jl.decoder.SynthesisFilter::compute_pcm_samples7 (265 bytes)
Event: 3.489 Thread 0x000001bba11ab5f0 nmethod 1324 0x000001bb8b3e5210 code [0x000001bb8b3e5400, 0x000001bb8b3e5bb8]
Event: 3.489 Thread 0x000001bba11ab5f0 1325       3       javazoom.jl.decoder.SynthesisFilter::compute_pcm_samples8 (265 bytes)
Event: 3.490 Thread 0x000001bba11ab5f0 nmethod 1325 0x000001bb8b3e6010 code [0x000001bb8b3e6200, 0x000001bb8b3e69d8]
Event: 3.490 Thread 0x000001bba11ab5f0 1326       3       javazoom.jl.decoder.SynthesisFilter::compute_pcm_samples9 (265 bytes)
Event: 3.490 Thread 0x000001bba11ab5f0 nmethod 1326 0x000001bb8b3e6e10 code [0x000001bb8b3e7000, 0x000001bb8b3e77f8]
Event: 3.490 Thread 0x000001bba11ab5f0 1327       3       javazoom.jl.decoder.SynthesisFilter::compute_pcm_samples10 (265 bytes)
Event: 3.490 Thread 0x000001bba11ab5f0 nmethod 1327 0x000001bb8b3e7c10 code [0x000001bb8b3e7e00, 0x000001bb8b3e8618]
Event: 3.505 Thread 0x000001bba11a9b30 nmethod 1318 0x000001bb92cb4c10 code [0x000001bb92cb4e20, 0x000001bb92cb5e78]
Event: 3.505 Thread 0x000001bba11a9b30 1319 %     4       javazoom.jl.decoder.LayerIIIDecoder::decode @ 16 (580 bytes)
Event: 3.573 Thread 0x000001bba11a9b30 nmethod 1319% 0x000001bb92cb6a10 code [0x000001bb92cb7100, 0x000001bb92cb9608]
Event: 3.615 Thread 0x000001bba11a9b30 1328       4       javazoom.jl.decoder.LayerIIIDecoder::inv_mdct (2339 bytes)
Event: 3.626 Thread 0x000001bba11a9b30 nmethod 1328 0x000001bb92cbae10 code [0x000001bb92cbb140, 0x000001bb92cbbc18]
Event: 3.626 Thread 0x000001bba11a9b30 1331 %     4       javazoom.jl.decoder.LayerIIIDecoder::reorder @ 398 (445 bytes)
Event: 3.629 Thread 0x000001bba11a9b30 nmethod 1331% 0x000001bb92cbc010 code [0x000001bb92cbc1a0, 0x000001bb92cbc598]
Event: 3.629 Thread 0x000001bba11a9b30 1329 %     4       javazoom.jl.decoder.LayerIIIDecoder::decode @ 340 (580 bytes)

GC Heap History (2 events):
Event: 2.434 GC heap before
{Heap before GC invocations=0 (full 0):
 garbage-first heap   total 131072K, used 19456K [0x0000000081600000, 0x0000000100000000)
  region size 1024K, 13 young (13312K), 0 survivors (0K)
 Metaspace       used 8475K, committed 8704K, reserved 1114112K
  class space    used 982K, committed 1088K, reserved 1048576K
}
Event: 2.439 GC heap after
{Heap after GC invocations=1 (full 0):
 garbage-first heap   total 131072K, used 9296K [0x0000000081600000, 0x0000000100000000)
  region size 1024K, 2 young (2048K), 2 survivors (2048K)
 Metaspace       used 8475K, committed 8704K, reserved 1114112K
  class space    used 982K, committed 1088K, reserved 1048576K
}

Dll operation events (12 events):
Event: 0.008 Loaded shared library C:\Users\PC1\AppData\Local\Programs\Eclipse Adoptium\jdk-17.0.10.7-hotspot\bin\java.dll
Event: 0.029 Loaded shared library C:\Users\PC1\AppData\Local\Programs\Eclipse Adoptium\jdk-17.0.10.7-hotspot\bin\jsvml.dll
Event: 0.068 Loaded shared library C:\Users\PC1\AppData\Local\Programs\Eclipse Adoptium\jdk-17.0.10.7-hotspot\bin\jimage.dll
Event: 0.073 Loaded shared library C:\Users\PC1\AppData\Local\Programs\Eclipse Adoptium\jdk-17.0.10.7-hotspot\bin\net.dll
Event: 0.074 Loaded shared library C:\Users\PC1\AppData\Local\Programs\Eclipse Adoptium\jdk-17.0.10.7-hotspot\bin\nio.dll
Event: 0.077 Loaded shared library C:\Users\PC1\AppData\Local\Programs\Eclipse Adoptium\jdk-17.0.10.7-hotspot\bin\zip.dll
Event: 0.093 Loaded shared library C:\Users\PC1\AppData\Local\Programs\Eclipse Adoptium\jdk-17.0.10.7-hotspot\bin\awt.dll
Event: 0.277 Loaded shared library C:\Users\PC1\AppData\Local\Programs\Eclipse Adoptium\jdk-17.0.10.7-hotspot\bin\javajpeg.dll
Event: 0.317 Loaded shared library C:\Users\PC1\AppData\Local\Programs\Eclipse Adoptium\jdk-17.0.10.7-hotspot\bin\freetype.dll
Event: 0.317 Loaded shared library C:\Users\PC1\AppData\Local\Programs\Eclipse Adoptium\jdk-17.0.10.7-hotspot\bin\fontmanager.dll
Event: 2.506 Loaded shared library C:\Users\PC1\AppData\Local\Programs\Eclipse Adoptium\jdk-17.0.10.7-hotspot\bin\verify.dll
Event: 2.523 Loaded shared library C:\Users\PC1\AppData\Local\Programs\Eclipse Adoptium\jdk-17.0.10.7-hotspot\bin\jsound.dll

Deoptimization events (20 events):
Event: 2.492 Thread 0x000001bba16ae6c0 DEOPT PACKING pc=0x000001bb8b350fed sp=0x000000938b3ff2a0
Event: 2.492 Thread 0x000001bba16ae6c0 DEOPT UNPACKING pc=0x000001bb92707143 sp=0x000000938b3fe710 mode 0
Event: 2.493 Thread 0x000001bba16ae6c0 DEOPT PACKING pc=0x000001bb8b350fed sp=0x000000938b3ff2a0
Event: 2.493 Thread 0x000001bba16ae6c0 DEOPT UNPACKING pc=0x000001bb92707143 sp=0x000000938b3fe710 mode 0
Event: 2.493 Thread 0x000001bba16ae6c0 DEOPT PACKING pc=0x000001bb8b350fed sp=0x000000938b3ff2a0
Event: 2.493 Thread 0x000001bba16ae6c0 DEOPT UNPACKING pc=0x000001bb92707143 sp=0x000000938b3fe710 mode 0
Event: 3.226 Thread 0x000001bbe7bb3e50 DEOPT PACKING pc=0x000001bb8b398f65 sp=0x000000938c0feec0
Event: 3.226 Thread 0x000001bbe7bb3e50 DEOPT UNPACKING pc=0x000001bb92707143 sp=0x000000938c0fe350 mode 0
Event: 3.230 Thread 0x000001bbe7bb3e50 DEOPT PACKING pc=0x000001bb8b398f65 sp=0x000000938c0feec0
Event: 3.230 Thread 0x000001bbe7bb3e50 DEOPT UNPACKING pc=0x000001bb92707143 sp=0x000000938c0fe350 mode 0
Event: 3.358 Thread 0x000001bbe7bb3e50 DEOPT PACKING pc=0x000001bb8b3a3c0b sp=0x000000938c0fee60
Event: 3.358 Thread 0x000001bbe7bb3e50 DEOPT UNPACKING pc=0x000001bb92707143 sp=0x000000938c0fe310 mode 0
Event: 3.485 Thread 0x000001bbe7bb3e50 DEOPT PACKING pc=0x000001bb8b3a3c0b sp=0x000000938c0fee60
Event: 3.485 Thread 0x000001bbe7bb3e50 DEOPT UNPACKING pc=0x000001bb92707143 sp=0x000000938c0fe310 mode 0
Event: 3.487 Thread 0x000001bbe7bb3e50 DEOPT PACKING pc=0x000001bb8b3a398f sp=0x000000938c0fee60
Event: 3.487 Thread 0x000001bbe7bb3e50 DEOPT UNPACKING pc=0x000001bb92707143 sp=0x000000938c0fe310 mode 0
Event: 3.488 Thread 0x000001bbe7bb3e50 DEOPT PACKING pc=0x000001bb8b3a3c0b sp=0x000000938c0fee60
Event: 3.488 Thread 0x000001bbe7bb3e50 DEOPT UNPACKING pc=0x000001bb92707143 sp=0x000000938c0fe310 mode 0
Event: 3.616 Thread 0x000001bbe7bb3e50 DEOPT PACKING pc=0x000001bb8b3a84ce sp=0x000000938c0fef30
Event: 3.616 Thread 0x000001bbe7bb3e50 DEOPT UNPACKING pc=0x000001bb92707143 sp=0x000000938c0fe3d8 mode 0

Classes unloaded (0 events):
No events

Classes redefined (0 events):
No events

Internal exceptions (13 events):
Event: 0.085 Thread 0x000001bb8156d800 Exception <a 'java/lang/ClassNotFoundException'{0x0000000089448820}: sun/awt/resources/spi/awtProvider> (0x0000000089448820) 
thrown [s\src\hotspot\share\classfile\systemDictionary.cpp, line 256]
Event: 0.104 Thread 0x000001bb8156d800 Exception <a 'java/io/FileNotFoundException'{0x00000000894a0e48}> (0x00000000894a0e48) 
thrown [s\src\hotspot\share\prims\jni.cpp, line 516]
Event: 0.111 Thread 0x000001bb8156d800 Exception <a 'java/io/FileNotFoundException'{0x00000000894ce098}> (0x00000000894ce098) 
thrown [s\src\hotspot\share\prims\jni.cpp, line 516]
Event: 0.147 Thread 0x000001bb8156d800 Exception <a 'java/lang/NoSuchMethodError'{0x000000008931af48}: 'java.lang.Object java.lang.invoke.DirectMethodHandle$Holder.invokeStaticInit(java.lang.Object)'> (0x000000008931af48) 
thrown [s\src\hotspot\share\interpreter\linkResolver.cpp, line 759]
Event: 0.174 Thread 0x000001bb8156d800 Exception <a 'java/lang/NoSuchMethodError'{0x00000000893aa8e8}: 'void java.lang.invoke.DirectMethodHandle$Holder.invokeSpecial(java.lang.Object, java.lang.Object, java.lang.Object)'> (0x00000000893aa8e8) 
thrown [s\src\hotspot\share\interpreter\linkResolver.cpp, line 759]
Event: 0.181 Thread 0x000001bb8156d800 Exception <a 'java/lang/NoSuchMethodError'{0x00000000893d4d18}: 'java.lang.Object java.lang.invoke.DirectMethodHandle$Holder.newInvokeSpecial(java.lang.Object, java.lang.Object, java.lang.Object, java.lang.Object, java.lang.Object)'> (0x00000000893d4d18) 
thrown [s\src\hotspot\share\interpreter\linkResolver.cpp, line 759]
Event: 0.182 Thread 0x000001bb8156d800 Exception <a 'java/lang/NoSuchMethodError'{0x00000000893e06e0}: 'java.lang.Object java.lang.invoke.DirectMethodHandle$Holder.invokeStatic(java.lang.Object, int, java.lang.Object, java.lang.Object, java.lang.Object, java.lang.Object)'> (0x00000000893e06e0) 
thrown [s\src\hotspot\share\interpreter\linkResolver.cpp, line 759]
Event: 0.185 Thread 0x000001bb8156d800 Exception <a 'java/lang/NoSuchMethodError'{0x0000000089206338}: 'java.lang.Object java.lang.invoke.DirectMethodHandle$Holder.invokeStatic(java.lang.Object, int, java.lang.Object)'> (0x0000000089206338) 
thrown [s\src\hotspot\share\interpreter\linkResolver.cpp, line 759]
Event: 0.204 Thread 0x000001bb8156d800 Exception <a 'java/lang/ClassNotFoundException'{0x00000000892bdec0}: com/sun/swing/internal/plaf/metal/resources/spi/metalProvider> (0x00000000892bdec0) 
thrown [s\src\hotspot\share\classfile\systemDictionary.cpp, line 256]
Event: 0.205 Thread 0x000001bb8156d800 Exception <a 'java/lang/ClassNotFoundException'{0x00000000892c28c8}: com/sun/swing/internal/plaf/basic/resources/spi/basicProvider> (0x00000000892c28c8) 
thrown [s\src\hotspot\share\classfile\systemDictionary.cpp, line 256]
Event: 0.278 Thread 0x000001bba16ae6c0 Exception <a 'java/lang/NoSuchMethodError'{0x00000000890c1608}: 'java.lang.Object java.lang.invoke.DirectMethodHandle$Holder.newInvokeSpecial(java.lang.Object, java.lang.Object, java.lang.Object, int, int, int, int, int)'> (0x00000000890c1608) 
thrown [s\src\hotspot\share\interpreter\linkResolver.cpp, line 759]
Event: 0.302 Thread 0x000001bba166ca20 Exception <a 'java/lang/NoSuchMethodError'{0x0000000089352800}: 'void java.lang.invoke.DirectMethodHandle$Holder.invokeVirtual(java.lang.Object, java.lang.Object)'> (0x0000000089352800) 
thrown [s\src\hotspot\share\interpreter\linkResolver.cpp, line 759]
Event: 0.313 Thread 0x000001bb8156d800 Exception <a 'java/lang/NoSuchMethodError'{0x0000000089138f50}: 'void java.lang.invoke.DirectMethodHandle$Holder.invokeStaticInit(java.lang.Object)'> (0x0000000089138f50) 
thrown [s\src\hotspot\share\interpreter\linkResolver.cpp, line 759]

VM Operations (16 events):
Event: 0.204 Executing VM operation: HandshakeAllThreads
Event: 0.204 Executing VM operation: HandshakeAllThreads done
Event: 0.213 Executing VM operation: HandshakeAllThreads
Event: 0.213 Executing VM operation: HandshakeAllThreads done
Event: 0.229 Executing VM operation: HandshakeAllThreads
Event: 0.229 Executing VM operation: HandshakeAllThreads done
Event: 0.330 Executing VM operation: HandshakeAllThreads
Event: 0.330 Executing VM operation: HandshakeAllThreads done
Event: 0.462 Executing VM operation: HandshakeAllThreads
Event: 0.462 Executing VM operation: HandshakeAllThreads done
Event: 1.465 Executing VM operation: Cleanup
Event: 1.465 Executing VM operation: Cleanup done
Event: 2.434 Executing VM operation: G1CollectForAllocation
Event: 2.439 Executing VM operation: G1CollectForAllocation done
Event: 3.453 Executing VM operation: Cleanup
Event: 3.453 Executing VM operation: Cleanup done

Events (20 events):
Event: 2.860 loading class java/io/ClassCache$1
Event: 2.860 loading class java/io/ClassCache$1 done
Event: 2.860 loading class java/io/ObjectStreamClass$Caches$2
Event: 2.860 loading class java/io/ObjectStreamClass$Caches$2 done
Event: 2.860 loading class java/lang/reflect/Proxy
Event: 2.861 loading class java/lang/reflect/Proxy done
Event: 2.861 loading class java/lang/reflect/InvocationHandler
Event: 2.861 loading class java/lang/reflect/InvocationHandler done
Event: 2.861 loading class java/lang/reflect/Proxy$1
Event: 2.861 loading class java/lang/reflect/Proxy$1 done
Event: 2.861 loading class java/io/ObjectStreamClass$2
Event: 2.861 loading class java/io/ObjectStreamClass$2 done
Event: 2.861 loading class java/io/ClassCache$CacheRef
Event: 2.861 loading class java/io/ClassCache$CacheRef done
Event: 2.861 loading class java/io/ObjectStreamClass$FieldReflectorKey
Event: 2.861 loading class java/io/ObjectStreamClass$FieldReflectorKey done
Event: 2.861 loading class java/io/ObjectStreamClass$FieldReflector
Event: 2.861 loading class java/io/ObjectStreamClass$FieldReflector done
Event: 2.861 loading class java/io/ObjectStreamClass$ExceptionInfo
Event: 2.861 loading class java/io/ObjectStreamClass$ExceptionInfo done


Dynamic libraries:
0x00007ff655fe0000 - 0x00007ff655fee000 	C:\Users\PC1\AppData\Local\Programs\Eclipse Adoptium\jdk-17.0.10.7-hotspot\bin\java.exe
0x00007ffbae230000 - 0x00007ffbae428000 	C:\Windows\SYSTEM32\ntdll.dll
0x00007ffbacea0000 - 0x00007ffbacf5d000 	C:\Windows\System32\KERNEL32.DLL
0x00007ffbabd90000 - 0x00007ffbac086000 	C:\Windows\System32\KERNELBASE.dll
0x00007ffbab960000 - 0x00007ffbaba60000 	C:\Windows\System32\ucrtbase.dll
0x00007ffb95460000 - 0x00007ffb95477000 	C:\Users\PC1\AppData\Local\Programs\Eclipse Adoptium\jdk-17.0.10.7-hotspot\bin\jli.dll
0x00007ffb9d350000 - 0x00007ffb9d36b000 	C:\Users\PC1\AppData\Local\Programs\Eclipse Adoptium\jdk-17.0.10.7-hotspot\bin\VCRUNTIME140.dll
0x00007ffbac420000 - 0x00007ffbac5bf000 	C:\Windows\System32\USER32.dll
0x00007ffb9c380000 - 0x00007ffb9c61a000 	C:\Windows\WinSxS\amd64_microsoft.windows.common-controls_6595b64144ccf1df_6.0.19041.4355_none_60b8b9eb71f62e16\COMCTL32.dll
0x00007ffbac090000 - 0x00007ffbac0b2000 	C:\Windows\System32\win32u.dll
0x00007ffbac2a0000 - 0x00007ffbac33e000 	C:\Windows\System32\msvcrt.dll
0x00007ffbace60000 - 0x00007ffbace8b000 	C:\Windows\System32\GDI32.dll
0x00007ffbabb20000 - 0x00007ffbabc37000 	C:\Windows\System32\gdi32full.dll
0x00007ffbabcf0000 - 0x00007ffbabd8d000 	C:\Windows\System32\msvcp_win.dll
0x00007ffbac270000 - 0x00007ffbac29f000 	C:\Windows\System32\IMM32.DLL
0x00007ffba3a90000 - 0x00007ffba3a9c000 	C:\Users\PC1\AppData\Local\Programs\Eclipse Adoptium\jdk-17.0.10.7-hotspot\bin\vcruntime140_1.dll
0x00007ffb84710000 - 0x00007ffb8479d000 	C:\Users\PC1\AppData\Local\Programs\Eclipse Adoptium\jdk-17.0.10.7-hotspot\bin\msvcp140.dll
0x00007ffb5c1b0000 - 0x00007ffb5ce12000 	C:\Users\PC1\AppData\Local\Programs\Eclipse Adoptium\jdk-17.0.10.7-hotspot\bin\server\jvm.dll
0x00007ffbade50000 - 0x00007ffbadf00000 	C:\Windows\System32\ADVAPI32.dll
0x00007ffbad850000 - 0x00007ffbad8f0000 	C:\Windows\System32\sechost.dll
0x00007ffbadd20000 - 0x00007ffbade43000 	C:\Windows\System32\RPCRT4.dll
0x00007ffbaba60000 - 0x00007ffbaba87000 	C:\Windows\System32\bcrypt.dll
0x00007ffbab690000 - 0x00007ffbab6db000 	C:\Windows\SYSTEM32\POWRPROF.dll
0x00007ffb9ec50000 - 0x00007ffb9ec77000 	C:\Windows\SYSTEM32\WINMM.dll
0x00007ffb9eac0000 - 0x00007ffb9eaca000 	C:\Windows\SYSTEM32\VERSION.dll
0x00007ffba3bf0000 - 0x00007ffba3bf9000 	C:\Windows\SYSTEM32\WSOCK32.dll
0x00007ffbae100000 - 0x00007ffbae16b000 	C:\Windows\System32\WS2_32.dll
0x00007ffbab670000 - 0x00007ffbab682000 	C:\Windows\SYSTEM32\UMPDC.dll
0x00007ffba9790000 - 0x00007ffba97a2000 	C:\Windows\SYSTEM32\kernel.appcore.dll
0x00007ffba3720000 - 0x00007ffba372a000 	C:\Users\PC1\AppData\Local\Programs\Eclipse Adoptium\jdk-17.0.10.7-hotspot\bin\jimage.dll
0x00007ffb95e30000 - 0x00007ffb96014000 	C:\Windows\SYSTEM32\DBGHELP.DLL
0x00007ffb95da0000 - 0x00007ffb95dd4000 	C:\Windows\SYSTEM32\dbgcore.DLL
0x00007ffbaba90000 - 0x00007ffbabb12000 	C:\Windows\System32\bcryptPrimitives.dll
0x00007ffb92dc0000 - 0x00007ffb92de5000 	C:\Users\PC1\AppData\Local\Programs\Eclipse Adoptium\jdk-17.0.10.7-hotspot\bin\java.dll
0x00007ffb829c0000 - 0x00007ffb82a97000 	C:\Users\PC1\AppData\Local\Programs\Eclipse Adoptium\jdk-17.0.10.7-hotspot\bin\jsvml.dll
0x00007ffbad0e0000 - 0x00007ffbad84c000 	C:\Windows\System32\SHELL32.dll
0x00007ffba9990000 - 0x00007ffbaa12d000 	C:\Windows\SYSTEM32\windows.storage.dll
0x00007ffbac5c0000 - 0x00007ffbac913000 	C:\Windows\System32\combase.dll
0x00007ffbab240000 - 0x00007ffbab26e000 	C:\Windows\SYSTEM32\Wldp.dll
0x00007ffbac350000 - 0x00007ffbac41d000 	C:\Windows\System32\OLEAUT32.dll
0x00007ffbacd90000 - 0x00007ffbace3d000 	C:\Windows\System32\SHCORE.dll
0x00007ffbae0a0000 - 0x00007ffbae0f5000 	C:\Windows\System32\shlwapi.dll
0x00007ffbab820000 - 0x00007ffbab844000 	C:\Windows\SYSTEM32\profapi.dll
0x00007ffb943e0000 - 0x00007ffb943f9000 	C:\Users\PC1\AppData\Local\Programs\Eclipse Adoptium\jdk-17.0.10.7-hotspot\bin\net.dll
0x00007ffba5490000 - 0x00007ffba559a000 	C:\Windows\SYSTEM32\WINHTTP.dll
0x00007ffbaafa0000 - 0x00007ffbab00a000 	C:\Windows\system32\mswsock.dll
0x00007ffb93aa0000 - 0x00007ffb93ab6000 	C:\Users\PC1\AppData\Local\Programs\Eclipse Adoptium\jdk-17.0.10.7-hotspot\bin\nio.dll
0x00007ffb93970000 - 0x00007ffb93988000 	C:\Users\PC1\AppData\Local\Programs\Eclipse Adoptium\jdk-17.0.10.7-hotspot\bin\zip.dll
0x00007ffb7fc90000 - 0x00007ffb7fe20000 	C:\Users\PC1\AppData\Local\Programs\Eclipse Adoptium\jdk-17.0.10.7-hotspot\bin\awt.dll
0x00007ffba87a0000 - 0x00007ffba8830000 	C:\Windows\SYSTEM32\apphelp.dll
0x00007ffba94a0000 - 0x00007ffba94cf000 	C:\Windows\system32\DWMAPI.DLL
0x00007ffba92b0000 - 0x00007ffba934e000 	C:\Windows\system32\uxtheme.dll
0x00007ffb92430000 - 0x00007ffb92555000 	C:\Windows\system32\opengl32.dll
0x00007ffb99ab0000 - 0x00007ffb99adc000 	C:\Windows\SYSTEM32\GLU32.dll
0x00007ffbacf60000 - 0x00007ffbad074000 	C:\Windows\System32\MSCTF.dll
0x00007ffbadbf0000 - 0x00007ffbadd1b000 	C:\Windows\System32\ole32.dll
0x00007ffb91c00000 - 0x00007ffb91c2d000 	C:\Users\PC1\AppData\Local\Programs\Eclipse Adoptium\jdk-17.0.10.7-hotspot\bin\javajpeg.dll
0x00007ffb7fc00000 - 0x00007ffb7fc87000 	C:\Users\PC1\AppData\Local\Programs\Eclipse Adoptium\jdk-17.0.10.7-hotspot\bin\freetype.dll
0x00007ffb7fb20000 - 0x00007ffb7fbf3000 	C:\Users\PC1\AppData\Local\Programs\Eclipse Adoptium\jdk-17.0.10.7-hotspot\bin\fontmanager.dll
0x00007ffbadf60000 - 0x00007ffbae009000 	C:\Windows\System32\clbcatq.dll
0x00007ffba9000000 - 0x00007ffba91b4000 	C:\Windows\SYSTEM32\WindowsCodecs.dll
0x00007ffb9b9f0000 - 0x00007ffb9ba2e000 	C:\Windows\system32\dataexchange.dll
0x00007ffba6cd0000 - 0x00007ffba6f33000 	C:\Windows\system32\d3d11.dll
0x00007ffba75c0000 - 0x00007ffba77a5000 	C:\Windows\system32\dcomp.dll
0x00007ffbaa170000 - 0x00007ffbaa262000 	C:\Windows\system32\dxgi.dll
0x00007ffba4730000 - 0x00007ffba4933000 	C:\Windows\system32\twinapi.appcore.dll
0x00007ffba4ad0000 - 0x00007ffba4bc9000 	C:\Windows\SYSTEM32\textinputframework.dll
0x00007ffba8170000 - 0x00007ffba8262000 	C:\Windows\System32\CoreMessaging.dll
0x00007ffba7a90000 - 0x00007ffba7deb000 	C:\Windows\System32\CoreUIComponents.dll
0x00007ffba77b0000 - 0x00007ffba7907000 	C:\Windows\SYSTEM32\wintypes.dll
0x00007ffbaa9e0000 - 0x00007ffbaaa13000 	C:\Windows\SYSTEM32\ntmarta.dll
0x00007ffb9c830000 - 0x00007ffb9c896000 	C:\Windows\system32\Oleacc.dll
0x00007ffb9ed60000 - 0x00007ffb9ed70000 	C:\Users\PC1\AppData\Local\Programs\Eclipse Adoptium\jdk-17.0.10.7-hotspot\bin\verify.dll
0x00007ffb92a30000 - 0x00007ffb92a42000 	C:\Users\PC1\AppData\Local\Programs\Eclipse Adoptium\jdk-17.0.10.7-hotspot\bin\jsound.dll
0x00007ffb76c20000 - 0x00007ffb76cbc000 	C:\Windows\SYSTEM32\DSOUND.dll
0x00007ffb98fb0000 - 0x00007ffb98fd6000 	C:\Windows\SYSTEM32\winmmbase.dll
0x00007ffba6580000 - 0x00007ffba6605000 	C:\Windows\System32\MMDevApi.dll
0x00007ffbab600000 - 0x00007ffbab633000 	C:\Windows\System32\DEVOBJ.dll
0x00007ffbac0c0000 - 0x00007ffbac10e000 	C:\Windows\System32\cfgmgr32.dll
0x00007ffb8cc30000 - 0x00007ffb8cc76000 	C:\Windows\SYSTEM32\wdmaud.drv
0x00007ffba3be0000 - 0x00007ffba3be9000 	C:\Windows\SYSTEM32\ksuser.dll
0x00007ffba5ee0000 - 0x00007ffba5eea000 	C:\Windows\SYSTEM32\AVRT.dll
0x00007ffba6610000 - 0x00007ffba6791000 	C:\Windows\SYSTEM32\AUDIOSES.DLL
0x00007ffba37b0000 - 0x00007ffba37bd000 	C:\Windows\SYSTEM32\msacm32.drv
0x00007ffba3b00000 - 0x00007ffba3b1e000 	C:\Windows\SYSTEM32\MSACM32.dll
0x00007ffba32a0000 - 0x00007ffba32ab000 	C:\Windows\SYSTEM32\midimap.dll
0x00007ffba93a0000 - 0x00007ffba93b4000 	C:\Windows\SYSTEM32\resourcepolicyclient.dll
0x00007ffba40e0000 - 0x00007ffba421f000 	C:\Windows\System32\Windows.UI.dll
0x00007ffba4cf0000 - 0x00007ffba4d91000 	C:\Windows\System32\WindowManagementAPI.dll
0x00007ffba38b0000 - 0x00007ffba3a02000 	C:\Windows\System32\InputHost.dll
0x00007ffba7990000 - 0x00007ffba7a86000 	C:\Windows\System32\PROPSYS.dll

dbghelp: loaded successfully - version: 4.0.5 - missing functions: none
symbol engine: initialized successfully - sym options: 0x614 - pdb path: .;C:\Users\PC1\AppData\Local\Programs\Eclipse Adoptium\jdk-17.0.10.7-hotspot\bin;C:\Windows\SYSTEM32;C:\Windows\WinSxS\amd64_microsoft.windows.common-controls_6595b64144ccf1df_6.0.19041.4355_none_60b8b9eb71f62e16;C:\Users\PC1\AppData\Local\Programs\Eclipse Adoptium\jdk-17.0.10.7-hotspot\bin\server

VM Arguments:
jvm_args: -XX:+ShowCodeDetailsInExceptionMessages 
java_command: snake2.Snake2
java_class_path (initial): C:\Users\PC1\AppData\Roaming\Code\User\workspaceStorage\b4a83ee400d60e41797bc0485eb57087\redhat.java\jdt_ws\Snake_FinalFinalAhoraSi_e8b0d868\bin;c:\Users\PC1\Desktop\UNIVERSIDAD\IV Semestre\Programación III\Mine\Snake_FinalFinalAhoraSi\lib\jlayer-1.0.1-1.jar;c:\Users\PC1\Desktop\UNIVERSIDAD\IV Semestre\Programación III\Mine\Snake_FinalFinalAhoraSi\lib\AbsoluteLayout-RELEASE220.jar
Launcher Type: SUN_STANDARD

[Global flags]
     intx CICompilerCount                          = 3                                         {product} {ergonomic}
     uint ConcGCThreads                            = 1                                         {product} {ergonomic}
     uint G1ConcRefinementThreads                  = 4                                         {product} {ergonomic}
   size_t G1HeapRegionSize                         = 1048576                                   {product} {ergonomic}
    uintx GCDrainStackTargetSize                   = 64                                        {product} {ergonomic}
   size_t InitialHeapSize                          = 134217728                                 {product} {ergonomic}
   size_t MarkStackSize                            = 4194304                                   {product} {ergonomic}
   size_t MaxHeapSize                              = 2124414976                                {product} {ergonomic}
   size_t MaxNewSize                               = 1274019840                                {product} {ergonomic}
   size_t MinHeapDeltaBytes                        = 1048576                                   {product} {ergonomic}
   size_t MinHeapSize                              = 8388608                                   {product} {ergonomic}
    uintx NonNMethodCodeHeapSize                   = 5832780                                {pd product} {ergonomic}
    uintx NonProfiledCodeHeapSize                  = 122912730                              {pd product} {ergonomic}
    uintx ProfiledCodeHeapSize                     = 122912730                              {pd product} {ergonomic}
    uintx ReservedCodeCacheSize                    = 251658240                              {pd product} {ergonomic}
     bool SegmentedCodeCache                       = true                                      {product} {ergonomic}
     bool ShowCodeDetailsInExceptionMessages       = true                                   {manageable} {command line}
   size_t SoftMaxHeapSize                          = 2124414976                             {manageable} {ergonomic}
     bool UseCompressedClassPointers               = true                           {product lp64_product} {ergonomic}
     bool UseCompressedOops                        = true                           {product lp64_product} {ergonomic}
     bool UseG1GC                                  = true                                      {product} {ergonomic}
     bool UseLargePagesIndividualAllocation        = false                                  {pd product} {ergonomic}

Logging:
Log output configuration:
 #0: stdout all=warning uptime,level,tags
 #1: stderr all=off uptime,level,tags

Environment Variables:
JAVA_HOME=C:\Users\PC1\AppData\Local\Programs\Eclipse Adoptium\jdk-17.0.10.7-hotspot\
PATH=C:\ProgramData\Oracle\Java\javapath;C:\Program Files\Eclipse Adoptium\jdk-21.0.2.13-hotspot\bin;C:\Windows\system32;C:\Windows;C:\Windows\System32\Wbem;C:\Windows\System32\WindowsPowerShell\v1.0\;C:\Windows\System32\OpenSSH\;C:\msys64\ucrt64\bin;C:\Program Files\Git\cmd;C:\Users\PC1\AppData\Local\Programs\Eclipse Adoptium\jdk-17.0.10.7-hotspot\bin;C:\Users\PC1\AppData\Local\Microsoft\WindowsApps;C:\Users\PC1\AppData\Local\Programs\Microsoft VS Code\bin
USERNAME=PC1
LANG=en_US.UTF-8
OS=Windows_NT
PROCESSOR_IDENTIFIER=Intel64 Family 6 Model 60 Stepping 3, GenuineIntel
TMP=C:\Users\PC1\AppData\Local\Temp
TEMP=C:\Users\PC1\AppData\Local\Temp



Periodic native trim disabled


---------------  S Y S T E M  ---------------

OS:
 Windows 10 , 64 bit Build 19041 (10.0.19041.3636)
OS uptime: 25 days 20:45 hours

CPU: total 4 (initial active 4) (4 cores per cpu, 1 threads per core) family 6 model 60 stepping 3 microcode 0x27, cx8, cmov, fxsr, mmx, sse, sse2, sse3, ssse3, sse4.1, sse4.2, popcnt, lzcnt, tsc, tscinvbit, avx, avx2, aes, erms, clmul, bmi1, bmi2, fma, vzeroupper, clflush
Processor Information for all 4 processors :
  Max Mhz: 3201, Current Mhz: 3201, Mhz Limit: 3201

Memory: 4k page, system-wide physical 8098M (1084M free)
TotalPageFile size 23279M (AvailPageFile size 5M)
current process WorkingSet (physical memory assigned to process): 94M, peak: 94M
current process commit charge ("private bytes"): 227M, peak: 227M

vm_info: OpenJDK 64-Bit Server VM (17.0.10+7) for windows-amd64 JRE (17.0.10+7), built on Jan 16 2024 23:25:11 by "admin" with MS VC++ 16.10 / 16.11 (VS2019)

END.
